{"contracts/Lottery.sol":{"l":{"58":3,"59":3,"61":3,"62":3,"63":3,"64":3,"65":3,"66":3,"72":31,"73":1,"75":0,"77":30,"78":30,"84":5,"86":5,"87":0,"92":0,"95":5,"96":5,"97":5,"104":5,"111":4,"112":4,"113":4,"114":4,"115":4,"116":0,"118":4,"119":4,"120":4,"121":4,"127":7,"128":7,"129":7,"130":7,"132":7,"133":7,"134":6,"136":1,"138":7,"144":1,"148":5,"152":0,"156":2,"160":1,"164":2,"168":1,"172":6,"176":1},"path":"/home/darshil/Code/Blockchain/Lottery_FS/contracts/Lottery.sol","s":{"1":31,"2":30,"3":30,"4":30,"5":5,"6":5,"7":0,"8":5,"9":5,"10":5,"11":4,"12":4,"13":4,"14":4,"15":4,"16":7,"17":7,"18":7,"19":7,"20":7,"21":6,"22":1,"23":7,"24":1,"25":5,"26":0,"27":2,"28":1,"29":2,"30":1,"31":6,"32":1},"b":{"1":[1,30],"2":[0,30],"3":[0,5],"4":[0,4],"5":[6,1]},"f":{"1":3,"2":31,"3":5,"4":4,"5":7,"6":1,"7":5,"8":0,"9":2,"10":1,"11":2,"12":1,"13":6,"14":1},"fnMap":{"1":{"name":"constructor","line":57,"loc":{"start":{"line":50,"column":4},"end":{"line":67,"column":4}}},"2":{"name":"enterLottery","line":71,"loc":{"start":{"line":71,"column":4},"end":{"line":80,"column":4}}},"3":{"name":"performUpkeep","line":82,"loc":{"start":{"line":82,"column":4},"end":{"line":105,"column":4}}},"4":{"name":"fulfillRandomWords","line":107,"loc":{"start":{"line":107,"column":4},"end":{"line":122,"column":4}}},"5":{"name":"checkUpkeep","line":124,"loc":{"start":{"line":124,"column":4},"end":{"line":139,"column":4}}},"6":{"name":"getInterval","line":143,"loc":{"start":{"line":143,"column":4},"end":{"line":145,"column":4}}},"7":{"name":"getEntryFee","line":147,"loc":{"start":{"line":147,"column":4},"end":{"line":149,"column":4}}},"8":{"name":"getLastWinner","line":151,"loc":{"start":{"line":151,"column":4},"end":{"line":153,"column":4}}},"9":{"name":"getGasLane","line":155,"loc":{"start":{"line":155,"column":4},"end":{"line":157,"column":4}}},"10":{"name":"getPlayer","line":159,"loc":{"start":{"line":159,"column":4},"end":{"line":161,"column":4}}},"11":{"name":"getLotteryState","line":163,"loc":{"start":{"line":163,"column":4},"end":{"line":165,"column":4}}},"12":{"name":"getPlayerCount","line":167,"loc":{"start":{"line":167,"column":4},"end":{"line":169,"column":4}}},"13":{"name":"getLastTimeStamp","line":171,"loc":{"start":{"line":171,"column":4},"end":{"line":173,"column":4}}},"14":{"name":"getCallbackGasLimit","line":175,"loc":{"start":{"line":175,"column":4},"end":{"line":177,"column":4}}}},"statementMap":{"1":{"start":{"line":72,"column":8},"end":{"line":72,"column":2188}},"2":{"start":{"line":74,"column":15},"end":{"line":74,"column":2286}},"3":{"start":{"line":77,"column":12},"end":{"line":77,"column":46}},"4":{"start":{"line":78,"column":12},"end":{"line":78,"column":41}},"5":{"start":{"line":84,"column":8},"end":{"line":84,"column":46}},"6":{"start":{"line":86,"column":8},"end":{"line":86,"column":2650}},"7":{"start":{"line":92,"column":12},"end":{"line":92,"column":33}},"8":{"start":{"line":95,"column":8},"end":{"line":95,"column":33}},"9":{"start":{"line":97,"column":8},"end":{"line":97,"column":2980}},"10":{"start":{"line":104,"column":8},"end":{"line":104,"column":37}},"11":{"start":{"line":111,"column":8},"end":{"line":111,"column":63}},"12":{"start":{"line":112,"column":8},"end":{"line":112,"column":55}},"13":{"start":{"line":114,"column":8},"end":{"line":114,"column":90}},"14":{"start":{"line":115,"column":8},"end":{"line":115,"column":3601}},"15":{"start":{"line":118,"column":8},"end":{"line":118,"column":33}},"16":{"start":{"line":127,"column":8},"end":{"line":127,"column":51}},"17":{"start":{"line":128,"column":8},"end":{"line":128,"column":75}},"18":{"start":{"line":129,"column":8},"end":{"line":129,"column":48}},"19":{"start":{"line":130,"column":8},"end":{"line":130,"column":52}},"20":{"start":{"line":133,"column":8},"end":{"line":133,"column":4330}},"21":{"start":{"line":134,"column":12},"end":{"line":134,"column":32}},"22":{"start":{"line":136,"column":12},"end":{"line":136,"column":33}},"23":{"start":{"line":138,"column":8},"end":{"line":138,"column":36}},"24":{"start":{"line":144,"column":8},"end":{"line":144,"column":25}},"25":{"start":{"line":148,"column":8},"end":{"line":148,"column":29}},"26":{"start":{"line":152,"column":8},"end":{"line":152,"column":27}},"27":{"start":{"line":156,"column":8},"end":{"line":156,"column":24}},"28":{"start":{"line":160,"column":8},"end":{"line":160,"column":31}},"29":{"start":{"line":164,"column":8},"end":{"line":164,"column":22}},"30":{"start":{"line":168,"column":8},"end":{"line":168,"column":31}},"31":{"start":{"line":172,"column":8},"end":{"line":172,"column":26}},"32":{"start":{"line":176,"column":8},"end":{"line":176,"column":33}}},"branchMap":{"1":{"line":72,"type":"if","locations":[{"start":{"line":72,"column":8},"end":{"line":72,"column":8}},{"start":{"line":72,"column":8},"end":{"line":72,"column":8}}]},"2":{"line":74,"type":"if","locations":[{"start":{"line":74,"column":15},"end":{"line":74,"column":15}},{"start":{"line":74,"column":15},"end":{"line":74,"column":15}}]},"3":{"line":86,"type":"if","locations":[{"start":{"line":86,"column":8},"end":{"line":86,"column":8}},{"start":{"line":86,"column":8},"end":{"line":86,"column":8}}]},"4":{"line":115,"type":"if","locations":[{"start":{"line":115,"column":8},"end":{"line":115,"column":8}},{"start":{"line":115,"column":8},"end":{"line":115,"column":8}}]},"5":{"line":133,"type":"if","locations":[{"start":{"line":133,"column":8},"end":{"line":133,"column":8}},{"start":{"line":133,"column":8},"end":{"line":133,"column":8}}]}}},"contracts/tests/VRFCoordinatorV2Mock.sol":{"l":{},"path":"/home/darshil/Code/Blockchain/Lottery_FS/contracts/tests/VRFCoordinatorV2Mock.sol","s":{},"b":{},"f":{},"fnMap":{},"statementMap":{},"branchMap":{}}}