{"contracts/Lottery.sol":{"l":{"55":0,"56":0,"57":0,"58":0,"59":0,"60":0,"61":0,"62":0,"66":0,"67":0,"69":0,"71":0,"72":0,"78":0,"80":0,"81":0,"88":0,"89":0,"96":0,"103":0,"104":0,"105":0,"106":0,"107":0,"108":0,"110":0,"111":0,"112":0,"113":0,"121":0,"122":0,"123":0,"124":0,"126":0,"130":0,"134":0,"138":0,"142":0,"146":0,"150":0},"path":"/home/darshil/Code/Blockchain/Lottery_FS/contracts/Lottery.sol","s":{"1":0,"2":0,"3":0,"4":0,"5":0,"6":0,"7":0,"8":0,"9":0,"10":0,"11":0,"12":0,"13":0,"14":0,"15":0,"16":0,"17":0,"18":0,"19":0,"20":0,"21":0,"22":0,"23":0},"b":{"1":[0,0],"2":[0,0],"3":[0,0],"4":[0,0]},"f":{"1":0,"2":0,"3":0,"4":0,"5":0,"6":0,"7":0,"8":0,"9":0,"10":0,"11":0},"fnMap":{"1":{"name":"constructor","line":54,"loc":{"start":{"line":47,"column":4},"end":{"line":63,"column":4}}},"2":{"name":"enterLottery","line":65,"loc":{"start":{"line":65,"column":4},"end":{"line":74,"column":4}}},"3":{"name":"performUpkeep","line":76,"loc":{"start":{"line":76,"column":4},"end":{"line":97,"column":4}}},"4":{"name":"fulfillRandomWords","line":99,"loc":{"start":{"line":99,"column":4},"end":{"line":114,"column":4}}},"5":{"name":"checkUpkeep","line":118,"loc":{"start":{"line":118,"column":4},"end":{"line":127,"column":4}}},"6":{"name":"getRecipt","line":129,"loc":{"start":{"line":129,"column":4},"end":{"line":131,"column":4}}},"7":{"name":"getLastWinner","line":133,"loc":{"start":{"line":133,"column":4},"end":{"line":135,"column":4}}},"8":{"name":"getPlayer","line":137,"loc":{"start":{"line":137,"column":4},"end":{"line":139,"column":4}}},"9":{"name":"getLotteryState","line":141,"loc":{"start":{"line":141,"column":4},"end":{"line":143,"column":4}}},"10":{"name":"getPlayerCount","line":145,"loc":{"start":{"line":145,"column":4},"end":{"line":147,"column":4}}},"11":{"name":"getLastTimeStamp","line":149,"loc":{"start":{"line":149,"column":4},"end":{"line":151,"column":4}}}},"statementMap":{"1":{"start":{"line":66,"column":8},"end":{"line":66,"column":2006}},"2":{"start":{"line":68,"column":15},"end":{"line":68,"column":2104}},"3":{"start":{"line":71,"column":12},"end":{"line":71,"column":46}},"4":{"start":{"line":72,"column":12},"end":{"line":72,"column":41}},"5":{"start":{"line":78,"column":8},"end":{"line":78,"column":46}},"6":{"start":{"line":80,"column":8},"end":{"line":80,"column":2468}},"7":{"start":{"line":89,"column":8},"end":{"line":89,"column":2729}},"8":{"start":{"line":96,"column":8},"end":{"line":96,"column":37}},"9":{"start":{"line":103,"column":8},"end":{"line":103,"column":63}},"10":{"start":{"line":104,"column":8},"end":{"line":104,"column":55}},"11":{"start":{"line":106,"column":8},"end":{"line":106,"column":90}},"12":{"start":{"line":107,"column":8},"end":{"line":107,"column":3350}},"13":{"start":{"line":110,"column":8},"end":{"line":110,"column":33}},"14":{"start":{"line":121,"column":8},"end":{"line":121,"column":51}},"15":{"start":{"line":122,"column":8},"end":{"line":122,"column":75}},"16":{"start":{"line":123,"column":8},"end":{"line":123,"column":48}},"17":{"start":{"line":124,"column":8},"end":{"line":124,"column":52}},"18":{"start":{"line":130,"column":8},"end":{"line":130,"column":29}},"19":{"start":{"line":134,"column":8},"end":{"line":134,"column":27}},"20":{"start":{"line":138,"column":8},"end":{"line":138,"column":31}},"21":{"start":{"line":142,"column":8},"end":{"line":142,"column":22}},"22":{"start":{"line":146,"column":8},"end":{"line":146,"column":31}},"23":{"start":{"line":150,"column":8},"end":{"line":150,"column":26}}},"branchMap":{"1":{"line":66,"type":"if","locations":[{"start":{"line":66,"column":8},"end":{"line":66,"column":8}},{"start":{"line":66,"column":8},"end":{"line":66,"column":8}}]},"2":{"line":68,"type":"if","locations":[{"start":{"line":68,"column":15},"end":{"line":68,"column":15}},{"start":{"line":68,"column":15},"end":{"line":68,"column":15}}]},"3":{"line":80,"type":"if","locations":[{"start":{"line":80,"column":8},"end":{"line":80,"column":8}},{"start":{"line":80,"column":8},"end":{"line":80,"column":8}}]},"4":{"line":107,"type":"if","locations":[{"start":{"line":107,"column":8},"end":{"line":107,"column":8}},{"start":{"line":107,"column":8},"end":{"line":107,"column":8}}]}}},"contracts/tests/VRFCoordinatorV2Mock.sol":{"l":{},"path":"/home/darshil/Code/Blockchain/Lottery_FS/contracts/tests/VRFCoordinatorV2Mock.sol","s":{},"b":{},"f":{},"fnMap":{},"statementMap":{},"branchMap":{}}}