{
"contracts/Lottery.sol":{"l":{"56":3,"57":3,"59":3,"60":3,"61":3,"62":3,"63":3,"64":3,"70":5,"71":1,"73":0,"75":4,"76":4,"82":0,"84":0,"85":0,"92":0,"93":0,"94":0,"101":0,"108":0,"109":0,"110":0,"111":0,"112":0,"113":0,"115":0,"116":0,"117":0,"118":0,"126":0,"127":0,"128":0,"129":0,"131":0,"137":1,"141":5,"145":0,"149":2,"153":1,"157":1,"161":0,"165":1,"169":1},"path":"/home/darshil/Code/Blockchain/Lottery_FS/contracts/Lottery.sol","s":{"1":5,"2":4,"3":4,"4":4,"5":0,"6":0,"7":0,"8":0,"9":0,"10":0,"11":0,"12":0,"13":0,"14":0,"15":0,"16":0,"17":0,"18":0,"19":1,"20":5,"21":0,"22":2,"23":1,"24":1,"25":0,"26":1,"27":1},"b":{"1":[1,4],"2":[0,4],"3":[0,0],"4":[0,0]},"f":{"1":3,"2":5,"3":0,"4":0,"5":0,"6":1,"7":5,"8":0,"9":2,"10":1,"11":1,"12":0,"13":1,"14":1},"fnMap":{"1":{"name":"constructor","line":55,"loc":{"start":{"line":48,"column":4},"end":{"line":65,"column":4}}},"2":{"name":"enterLottery","line":69,"loc":{"start":{"line":69,"column":4},"end":{"line":78,"column":4}}},"3":{"name":"performUpkeep","line":80,"loc":{"start":{"line":80,"column":4},"end":{"line":102,"column":4}}},"4":{"name":"fulfillRandomWords","line":104,"loc":{"start":{"line":104,"column":4},"end":{"line":119,"column":4}}},"5":{"name":"checkUpkeep","line":123,"loc":{"start":{"line":123,"column":4},"end":{"line":132,"column":4}}},"6":{"name":"getInterval","line":136,"loc":{"start":{"line":136,"column":4},"end":{"line":138,"column":4}}},"7":{"name":"getEntryFee","line":140,"loc":{"start":{"line":140,"column":4},"end":{"line":142,"column":4}}},"8":{"name":"getLastWinner","line":144,"loc":{"start":{"line":144,"column":4},"end":{"line":146,"column":4}}},"9":{"name":"getGasLane","line":148,"loc":{"start":{"line":148,"column":4},"end":{"line":150,"column":4}}},"10":{"name":"getPlayer","line":152,"loc":{"start":{"line":152,"column":4},"end":{"line":154,"column":4}}},"11":{"name":"getLotteryState","line":156,"loc":{"start":{"line":156,"column":4},"end":{"line":158,"column":4}}},"12":{"name":"getPlayerCount","line":160,"loc":{"start":{"line":160,"column":4},"end":{"line":162,"column":4}}},"13":{"name":"getLastTimeStamp","line":164,"loc":{"start":{"line":164,"column":4},"end":{"line":166,"column":4}}},"14":{"name":"getCallbackGasLimit","line":168,"loc":{"start":{"line":168,"column":4},"end":{"line":170,"column":4}}}},"statementMap":{"1":{"start":{"line":70,"column":8},"end":{"line":70,"column":2134}},"2":{"start":{"line":72,"column":15},"end":{"line":72,"column":2232}},"3":{"start":{"line":75,"column":12},"end":{"line":75,"column":46}},"4":{"start":{"line":76,"column":12},"end":{"line":76,"column":41}},"5":{"start":{"line":82,"column":8},"end":{"line":82,"column":46}},"6":{"start":{"line":84,"column":8},"end":{"line":84,"column":2596}},"7":{"start":{"line":92,"column":8},"end":{"line":92,"column":33}},"8":{"start":{"line":94,"column":8},"end":{"line":94,"column":2892}},"9":{"start":{"line":101,"column":8},"end":{"line":101,"column":37}},"10":{"start":{"line":108,"column":8},"end":{"line":108,"column":63}},"11":{"start":{"line":109,"column":8},"end":{"line":109,"column":55}},"12":{"start":{"line":111,"column":8},"end":{"line":111,"column":90}},"13":{"start":{"line":112,"column":8},"end":{"line":112,"column":3513}},"14":{"start":{"line":115,"column":8},"end":{"line":115,"column":33}},"15":{"start":{"line":126,"column":8},"end":{"line":126,"column":51}},"16":{"start":{"line":127,"column":8},"end":{"line":127,"column":75}},"17":{"start":{"line":128,"column":8},"end":{"line":128,"column":48}},"18":{"start":{"line":129,"column":8},"end":{"line":129,"column":52}},"19":{"start":{"line":137,"column":8},"end":{"line":137,"column":25}},"20":{"start":{"line":141,"column":8},"end":{"line":141,"column":29}},"21":{"start":{"line":145,"column":8},"end":{"line":145,"column":27}},"22":{"start":{"line":149,"column":8},"end":{"line":149,"column":24}},"23":{"start":{"line":153,"column":8},"end":{"line":153,"column":31}},"24":{"start":{"line":157,"column":8},"end":{"line":157,"column":22}},"25":{"start":{"line":161,"column":8},"end":{"line":161,"column":31}},"26":{"start":{"line":165,"column":8},"end":{"line":165,"column":26}},"27":{"start":{"line":169,"column":8},"end":{"line":169,"column":33}}},"branchMap":{"1":{"line":70,"type":"if","locations":[{"start":{"line":70,"column":8},"end":{"line":70,"column":8}},{"start":{"line":70,"column":8},"end":{"line":70,"column":8}}]},"2":{"line":72,"type":"if","locations":[{"start":{"line":72,"column":15},"end":{"line":72,"column":15}},{"start":{"line":72,"column":15},"end":{"line":72,"column":15}}]},"3":{"line":84,"type":"if","locations":[{"start":{"line":84,"column":8},"end":{"line":84,"column":8}},{"start":{"line":84,"column":8},"end":{"line":84,"column":8}}]},"4":{"line":112,"type":"if","locations":[{"start":{"line":112,"column":8},"end":{"line":112,"column":8}},{"start":{"line":112,"column":8},"end":{"line":112,"column":8}}]}}},
"contracts/tests/VRFCoordinatorV2Mock.sol":{"l":{},"path":"/home/darshil/Code/Blockchain/Lottery_FS/contracts/tests/VRFCoordinatorV2Mock.sol","s":{},"b":{},"f":{},"fnMap":{},"statementMap":{},"branchMap":{}}}
