TN:
SF:/home/darshil/Code/Blockchain/Lottery_FS/contracts/Lottery.sol
FN:55,constructor
FN:69,enterLottery
FN:80,performUpkeep
FN:104,fulfillRandomWords
FN:123,checkUpkeep
FN:136,getInterval
FN:140,getEntryFee
FN:144,getLastWinner
FN:148,getGasLane
FN:152,getPlayer
FN:156,getLotteryState
FN:160,getPlayerCount
FN:164,getLastTimeStamp
FN:168,getCallbackGasLimit
FNF:14
FNH:9
FNDA:3,constructor
FNDA:5,enterLottery
FNDA:0,performUpkeep
FNDA:0,fulfillRandomWords
FNDA:0,checkUpkeep
FNDA:1,getInterval
FNDA:5,getEntryFee
FNDA:0,getLastWinner
FNDA:2,getGasLane
FNDA:1,getPlayer
FNDA:1,getLotteryState
FNDA:0,getPlayerCount
FNDA:1,getLastTimeStamp
FNDA:1,getCallbackGasLimit
DA:56,3
DA:57,3
DA:59,3
DA:60,3
DA:61,3
DA:62,3
DA:63,3
DA:64,3
DA:70,5
DA:71,1
DA:73,0
DA:75,4
DA:76,4
DA:82,0
DA:84,0
DA:85,0
DA:92,0
DA:93,0
DA:94,0
DA:101,0
DA:108,0
DA:109,0
DA:110,0
DA:111,0
DA:112,0
DA:113,0
DA:115,0
DA:116,0
DA:117,0
DA:118,0
DA:126,0
DA:127,0
DA:128,0
DA:129,0
DA:131,0
DA:137,1
DA:141,5
DA:145,0
DA:149,2
DA:153,1
DA:157,1
DA:161,0
DA:165,1
DA:169,1
LF:44
LH:19
BRDA:70,1,0,1
BRDA:70,1,1,4
BRDA:72,2,0,0
BRDA:72,2,1,4
BRDA:84,3,0,0
BRDA:84,3,1,0
BRDA:112,4,0,0
BRDA:112,4,1,0
BRF:8
BRH:3
end_of_record
TN:
SF:/home/darshil/Code/Blockchain/Lottery_FS/contracts/tests/VRFCoordinatorV2Mock.sol
FNF:0
FNH:0
LF:0
LH:0
BRF:0
BRH:0
end_of_record
