TN:
SF:/home/darshil/Code/Blockchain/Lottery_FS/contracts/Lottery.sol
FN:57,constructor
FN:71,enterLottery
FN:82,performUpkeep
FN:107,fulfillRandomWords
FN:124,checkUpkeep
FN:143,getInterval
FN:147,getEntryFee
FN:151,getLastWinner
FN:155,getGasLane
FN:159,getPlayer
FN:163,getLotteryState
FN:167,getPlayerCount
FN:171,getLastTimeStamp
FN:175,getCallbackGasLimit
FNF:14
FNH:13
FNDA:3,constructor
FNDA:31,enterLottery
FNDA:5,performUpkeep
FNDA:4,fulfillRandomWords
FNDA:7,checkUpkeep
FNDA:1,getInterval
FNDA:5,getEntryFee
FNDA:0,getLastWinner
FNDA:2,getGasLane
FNDA:1,getPlayer
FNDA:2,getLotteryState
FNDA:1,getPlayerCount
FNDA:6,getLastTimeStamp
FNDA:1,getCallbackGasLimit
DA:58,3
DA:59,3
DA:61,3
DA:62,3
DA:63,3
DA:64,3
DA:65,3
DA:66,3
DA:72,31
DA:73,1
DA:75,0
DA:77,30
DA:78,30
DA:84,5
DA:86,5
DA:87,0
DA:92,0
DA:95,5
DA:96,5
DA:97,5
DA:104,5
DA:111,4
DA:112,4
DA:113,4
DA:114,4
DA:115,4
DA:116,0
DA:118,4
DA:119,4
DA:120,4
DA:121,4
DA:127,7
DA:128,7
DA:129,7
DA:130,7
DA:132,7
DA:133,7
DA:134,6
DA:136,1
DA:138,7
DA:144,1
DA:148,5
DA:152,0
DA:156,2
DA:160,1
DA:164,2
DA:168,1
DA:172,6
DA:176,1
LF:49
LH:44
BRDA:72,1,0,1
BRDA:72,1,1,30
BRDA:74,2,0,0
BRDA:74,2,1,30
BRDA:86,3,0,0
BRDA:86,3,1,5
BRDA:115,4,0,0
BRDA:115,4,1,4
BRDA:133,5,0,6
BRDA:133,5,1,1
BRF:10
BRH:7
end_of_record
TN:
SF:/home/darshil/Code/Blockchain/Lottery_FS/contracts/tests/VRFCoordinatorV2Mock.sol
FNF:0
FNH:0
LF:0
LH:0
BRF:0
BRH:0
end_of_record
